0 info it worked if it ends with ok
1 verbose cli [ 'C:\\Program Files\\nodejs\\node.exe',
1 verbose cli   'C:\\Program Files\\nodejs\\node_modules\\npm\\bin\\npm-cli.js',
1 verbose cli   'run',
1 verbose cli   'build' ]
2 info using npm@3.10.10
3 info using node@v6.10.3
4 verbose run-script [ 'prebuild', 'build', 'postbuild' ]
5 info lifecycle extframework@0.0.0~prebuild: extframework@0.0.0
6 silly lifecycle extframework@0.0.0~prebuild: no script for prebuild, continuing
7 info lifecycle extframework@0.0.0~build: extframework@0.0.0
8 verbose lifecycle extframework@0.0.0~build: unsafe-perm in lifecycle true
9 verbose lifecycle extframework@0.0.0~build: PATH: E:\Raj\nvm\v6.10.3\node_modules\npm\bin\node-gyp-bin;E:\work\EkStep\ext-framework\web\framework\node_modules\.bin;C:\ProgramData\Oracle\Java\javapath;C:\WINDOWS\system32;C:\WINDOWS;C:\WINDOWS\System32\Wbem;C:\WINDOWS\System32\WindowsPowerShell\v1.0\;C:\Program Files (x86)\Skype\Phone\;C:\Program Files\Git\cmd;C:\Program Files (x86)\Java\jre1.8.0_151\bin;C:\Program Files\dotnet\;E:\Raj\nvm;C:\Program Files\nodejs;C:\Program Files\TortoiseGit\bin;C:\Python27;C:\Users\Rajeev Satish\AppData\Local\Microsoft\WindowsApps;C:\Users\Rajeev Satish\AppData\Roaming\npm;C:\Program Files (x86)\Java\jre1.8.0_151\bin;C:\Program Files\Microsoft VS Code\bin;E:\Raj\nvm;C:\Program Files\nodejs
10 verbose lifecycle extframework@0.0.0~build: CWD: E:\work\EkStep\ext-framework\web\framework
11 silly lifecycle extframework@0.0.0~build: Args: [ '/d /s /c', 'tsc --noImplicitUseStrict' ]
12 silly lifecycle extframework@0.0.0~build: Returned: code: 2  signal: null
13 info lifecycle extframework@0.0.0~build: Failed to exec build script
14 verbose stack Error: extframework@0.0.0 build: `tsc --noImplicitUseStrict`
14 verbose stack Exit status 2
14 verbose stack     at EventEmitter.<anonymous> (E:\Raj\nvm\v6.10.3\node_modules\npm\lib\utils\lifecycle.js:255:16)
14 verbose stack     at emitTwo (events.js:106:13)
14 verbose stack     at EventEmitter.emit (events.js:191:7)
14 verbose stack     at ChildProcess.<anonymous> (E:\Raj\nvm\v6.10.3\node_modules\npm\lib\utils\spawn.js:40:14)
14 verbose stack     at emitTwo (events.js:106:13)
14 verbose stack     at ChildProcess.emit (events.js:191:7)
14 verbose stack     at maybeClose (internal/child_process.js:886:16)
14 verbose stack     at Process.ChildProcess._handle.onexit (internal/child_process.js:226:5)
15 verbose pkgid extframework@0.0.0
16 verbose cwd E:\work\EkStep\ext-framework\web\framework
17 error Windows_NT 10.0.16299
18 error argv "C:\\Program Files\\nodejs\\node.exe" "C:\\Program Files\\nodejs\\node_modules\\npm\\bin\\npm-cli.js" "run" "build"
19 error node v6.10.3
20 error npm  v3.10.10
21 error code ELIFECYCLE
22 error extframework@0.0.0 build: `tsc --noImplicitUseStrict`
22 error Exit status 2
23 error Failed at the extframework@0.0.0 build script 'tsc --noImplicitUseStrict'.
23 error Make sure you have the latest version of node.js and npm installed.
23 error If you do, this is most likely a problem with the extframework package,
23 error not with npm itself.
23 error Tell the author that this fails on your system:
23 error     tsc --noImplicitUseStrict
23 error You can get information on how to open an issue for this project with:
23 error     npm bugs extframework
23 error Or if that isn't available, you can get their info via:
23 error     npm owner ls extframework
23 error There is likely additional logging output above.
24 verbose exit [ 1, true ]
